20
34098790;Baravalle;20
--------------------------------
21
32790866;Moreno;21
33786091;Vera;21
36900375;Ocampo;21
--------------------------------
22
29477936;Francischini;22
--------------------------------
23
36714588;Perazzo;23
32419830;Bellana;23
38010118;TurkoSoto;23
--------------------------------
24
38380227;Menichetti;24
37649546;Ledesma;24
--------------------------------
25
34375738;Occhi;25
32757425;PerezAledda;25
30513994;Caruso;25
35951783;Santelli;25
37542331;Albarracín;25
35974947;Aranda;25
--------------------------------
26
32616493;Alonso;26
26942727;Esposito;26
32631539;Gonzalez;26
41450508;Chicchi;26
18861210;Villca;26
--------------------------------
27
36178904;Gomez;27
37273740;Santise;27
29130380;Correa;27
35532465;PinEtchave;27
--------------------------------
28
33907663;Gualco;28
--------------------------------
29
32236740;Ubillos;29
38028213;Crosta;29
--------------------------------
30
38031617;Accerboni;30
36166857;Cela;30
38142213;Gobbi;30
28408106;Avendaño;30
--------------------------------
32
36087949;Bravo;32
37754713;Iseñ;32
33423119;Coronado;32
33116287;Guido;32
--------------------------------
34
34412028;Ayvar;34
37753908;Rodeiro;34
37864636;Amato;34
--------------------------------
35
13554552;Jovanovich;35
--------------------------------
36
37113832;Toloza;36
37792163;Martin;36
31604852;Grau;36
--------------------------------
37
35368160;Gonzalez;37
32605380;Elizagoyen;37
35204681;Benitez;37
38200327;Benini;37
--------------------------------
38
32980931;Castillo;38
26816082;Veljacic;38
31464233;Frigerio;38
30603450;Vinci;38
--------------------------------
39
32760802;Iglesias;39
37864860;Ali;39
--------------------------------
40
27302142;Canteros;40
37605721;Allegretti;40
--------------------------------
